生成启动时间为 2020/9/13 14:47:28。
     1>项目“C:\Users\Administrator\documents\visual studio 2010\Projects\xiaotank\xiaotank\xiaotank.vcxproj”在节点 2 上(rebuild 个目标)。
     1>_PrepareForClean:
         正在删除文件“Debug\xiaotank.lastbuildstate”。
       InitializeBuildStatus:
         正在创建“Debug\xiaotank.unsuccessfulbuild”，因为已指定“AlwaysCreate”。
       ClCompile:
         c:\Program Files (x86)\Microsoft Visual Studio 10.0\VC\bin\CL.exe /c /ZI /nologo /W3 /WX- /Od /Oy- /D WIN32 /D _DEBUG /D _CONSOLE /D _UNICODE /D UNICODE /Gm /EHsc /RTC1 /MDd /GS /fp:precise /Zc:wchar_t /Zc:forScope /Fo"Debug\\" /Fd"Debug\vc100.pdb" /Gd /TP /analyze- /errorReport:prompt common.cpp "mci-sound.cpp" "select-panel.cpp" xiaotank.cpp
         xiaotank.cpp
         select-panel.cpp
         mci-sound.cpp
         common.cpp
         正在生成代码...
       Link:
         c:\Program Files (x86)\Microsoft Visual Studio 10.0\VC\bin\link.exe /ERRORREPORT:PROMPT /OUT:"C:\Users\Administrator\documents\visual studio 2010\Projects\xiaotank\Debug\xiaotank.exe" /INCREMENTAL /NOLOGO kernel32.lib user32.lib gdi32.lib winspool.lib comdlg32.lib advapi32.lib shell32.lib ole32.lib oleaut32.lib uuid.lib odbc32.lib odbccp32.lib /MANIFEST:NO /DEBUG /PDB:"C:\Users\Administrator\documents\visual studio 2010\Projects\xiaotank\Debug\xiaotank.pdb" /SUBSYSTEM:CONSOLE /TLBID:1 /DYNAMICBASE /NXCOMPAT /IMPLIB:"C:\Users\Administrator\documents\visual studio 2010\Projects\xiaotank\Debug\xiaotank.lib" /MACHINE:X86 Debug\common.obj
         "Debug\mci-sound.obj"
         "Debug\select-panel.obj"
         Debug\xiaotank.obj
         xiaotank.vcxproj -> C:\Users\Administrator\documents\visual studio 2010\Projects\xiaotank\Debug\xiaotank.exe
       FinalizeBuildStatus:
         正在删除文件“Debug\xiaotank.unsuccessfulbuild”。
         正在对“Debug\xiaotank.lastbuildstate”执行 Touch 任务。
     1>已完成生成项目“C:\Users\Administrator\documents\visual studio 2010\Projects\xiaotank\xiaotank\xiaotank.vcxproj”(rebuild 个目标)的操作。

生成成功。

已用时间 00:00:01.63
